;  LST file generated by mikroListExporter - v.2.0 
; Date/Time: 2025-12-03 ¿ÀÀü 11:22:50
;----------------------------------------------

;Address Opcode 	ASM
0x0000	0x2904      	GOTO       260
_Interrupt:
0x0004	0x00FF      	MOVWF      R15
0x0005	0x0E03      	SWAPF      STATUS, 0
0x0006	0x0183      	CLRF       STATUS
0x0007	0x00C2      	MOVWF      ___saveSTATUS
0x0008	0x080A      	MOVF       PCLATH, 0
0x0009	0x00C3      	MOVWF      ___savePCLATH
0x000A	0x018A      	CLRF       PCLATH
;12F683MPPT.mpas,62 :: 		begin
;12F683MPPT.mpas,63 :: 		if T1IF_bit=1 then begin
0x000B	0x1C0C      	BTFSS      T1IF_bit, BitPos(T1IF_bit+0)
0x000C	0x2815      	GOTO       L__Interrupt3
;12F683MPPT.mpas,64 :: 		TMR1H:=TMR1H_LOAD;
0x000D	0x30FC      	MOVLW      252
0x000E	0x008F      	MOVWF      TMR1H
;12F683MPPT.mpas,65 :: 		TMR1L:=TMR1L_LOAD;
0x000F	0x3017      	MOVLW      23
0x0010	0x008E      	MOVWF      TMR1L
;12F683MPPT.mpas,66 :: 		T1IF_bit:=0;
0x0011	0x100C      	BCF        T1IF_bit, BitPos(T1IF_bit+0)
;12F683MPPT.mpas,67 :: 		Inc(TICK_1000);
0x0012	0x0ABE      	INCF       _TICK_1000, 1
0x0013	0x1903      	BTFSC      STATUS, 2
0x0014	0x0ABF      	INCF       _TICK_1000+1, 1
;12F683MPPT.mpas,68 :: 		end;
L__Interrupt3:
;12F683MPPT.mpas,69 :: 		end;
L_end_Interrupt:
L__Interrupt72:
0x0015	0x0843      	MOVF       ___savePCLATH, 0
0x0016	0x008A      	MOVWF      PCLATH
0x0017	0x0E42      	SWAPF      ___saveSTATUS, 0
0x0018	0x0083      	MOVWF      STATUS
0x0019	0x0EFF      	SWAPF      R15, 1
0x001A	0x0E7F      	SWAPF      R15, 0
0x001B	0x0009      	RETFIE
; end of _Interrupt
_Delay_22us:
;__Lib_Delays.mpas,39 :: 		begin
;__Lib_Delays.mpas,40 :: 		Delay_us(22);
0x001C	0x3007      	MOVLW      7
0x001D	0x1283      	BCF        STATUS, 5
0x001E	0x00FD      	MOVWF      R13
L__Delay_22us5:
0x001F	0x0BFD      	DECFSZ     R13, 1
0x0020	0x281F      	GOTO       L__Delay_22us5
;__Lib_Delays.mpas,41 :: 		end;
L_end_Delay_22us:
0x0021	0x0008      	RETURN
; end of _Delay_22us
_SetPWM:
;12F683MPPT.mpas,72 :: 		begin
;12F683MPPT.mpas,73 :: 		CCPR1L:=val shr 1;
0x0022	0x1283      	BCF        STATUS, 5
0x0023	0x0846      	MOVF       FARG_SetPWM_val, 0
0x0024	0x00F0      	MOVWF      R0
0x0025	0x0CF0      	RRF        R0, 1
0x0026	0x13F0      	BCF        R0, 7
0x0027	0x0870      	MOVF       R0, 0
0x0028	0x0093      	MOVWF      CCPR1L
;12F683MPPT.mpas,74 :: 		DC1B1_bit:=val.0;
0x0029	0x1846      	BTFSC      FARG_SetPWM_val, 0
0x002A	0x282D      	GOTO       L__SetPWM74
0x002B	0x1295      	BCF        DC1B1_bit, BitPos(DC1B1_bit+0)
0x002C	0x282E      	GOTO       L__SetPWM75
L__SetPWM74:
0x002D	0x1695      	BSF        DC1B1_bit, BitPos(DC1B1_bit+0)
L__SetPWM75:
;12F683MPPT.mpas,75 :: 		end;
L_end_SetPWM:
0x002E	0x0008      	RETURN
; end of _SetPWM
_Delay_100ms:
;__Lib_Delays.mpas,79 :: 		begin
;__Lib_Delays.mpas,80 :: 		Delay_ms(100);
0x002F	0x3082      	MOVLW      130
0x0030	0x1283      	BCF        STATUS, 5
0x0031	0x00FC      	MOVWF      R12
0x0032	0x30DD      	MOVLW      221
0x0033	0x00FD      	MOVWF      R13
L__Delay_100ms21:
0x0034	0x0BFD      	DECFSZ     R13, 1
0x0035	0x2834      	GOTO       L__Delay_100ms21
0x0036	0x0BFC      	DECFSZ     R12, 1
0x0037	0x2834      	GOTO       L__Delay_100ms21
0x0038	0x0000      	NOP
0x0039	0x0000      	NOP
;__Lib_Delays.mpas,81 :: 		end;
L_end_Delay_100ms:
0x003A	0x0008      	RETURN
; end of _Delay_100ms
_ADC_Read:
;__Lib_ADC_A_E.mpas,84 :: 		
;__Lib_ADC_A_E.mpas,85 :: 		
0x003B	0x30C3      	MOVLW      195
0x003C	0x1283      	BCF        STATUS, 5
0x003D	0x059F      	ANDWF      ADCON0, 1
;__Lib_ADC_A_E.mpas,90 :: 		
0x003E	0x30F0      	MOVLW      240
0x003F	0x059F      	ANDWF      ADCON0, 1
;__Lib_ADC_A_E.mpas,91 :: 		
0x0040	0x30BF      	MOVLW      191
0x0041	0x059F      	ANDWF      ADCON0, 1
;__Lib_ADC_A_E.mpas,92 :: 		
0x0042	0x30F0      	MOVLW      240
0x0043	0x1683      	BSF        STATUS, 5
0x0044	0x049F      	IORWF      ANSEL, 1
;__Lib_ADC_A_E.mpas,93 :: 		
0x0045	0x1283      	BCF        STATUS, 5
0x0046	0x179F      	BSF        ADCON0, 7
;__Lib_ADC_A_E.mpas,94 :: 		
0x0047	0x0846      	MOVF       FARG_ADC_Read_channel, 0
0x0048	0x00F0      	MOVWF      R0
0x0049	0x0DF0      	RLF        R0, 1
0x004A	0x1070      	BCF        R0, 0
0x004B	0x0DF0      	RLF        R0, 1
0x004C	0x1070      	BCF        R0, 0
0x004D	0x0870      	MOVF       R0, 0
0x004E	0x049F      	IORWF      ADCON0, 1
;__Lib_ADC_A_E.mpas,97 :: 		
0x004F	0x141F      	BSF        ADCON0, 0
;__Lib_ADC_A_E.mpas,100 :: 		
0x0050	0x201C      	CALL       _Delay_22us
;__Lib_ADC_A_E.mpas,103 :: 		
0x0051	0x149F      	BSF        ADCON0, 1
;__Lib_ADC_A_E.mpas,106 :: 		
L__ADC_Read10:
0x0052	0x1C9F      	BTFSS      ADCON0, 1
0x0053	0x2856      	GOTO       L__ADC_Read11
0x0054	0x0000      	NOP
0x0055	0x2852      	GOTO       L__ADC_Read10
L__ADC_Read11:
;__Lib_ADC_A_E.mpas,109 :: 		
0x0056	0x101F      	BCF        ADCON0, 0
;__Lib_ADC_A_E.mpas,112 :: 		
0x0057	0x081E      	MOVF       ADRESH, 0
0x0058	0x00F1      	MOVWF      R0+1
0x0059	0x01F0      	CLRF       R0
0x005A	0x1683      	BSF        STATUS, 5
0x005B	0x081E      	MOVF       ADRESL, 0
0x005C	0x0470      	IORWF      R0, 0
0x005D	0x1283      	BCF        STATUS, 5
0x005E	0x00C7      	MOVWF      ADC_Read_local_result
0x005F	0x0871      	MOVF       R0+1, 0
0x0060	0x00C8      	MOVWF      ADC_Read_local_result+1
0x0061	0x3000      	MOVLW      0
0x0062	0x04C8      	IORWF      ADC_Read_local_result+1, 1
;__Lib_ADC_A_E.mpas,114 :: 		
0x0063	0x0847      	MOVF       ADC_Read_local_result, 0
0x0064	0x00F0      	MOVWF      R0
0x0065	0x0848      	MOVF       ADC_Read_local_result+1, 0
0x0066	0x00F1      	MOVWF      R0+1
L_end_ADC_Read:
0x0067	0x0008      	RETURN
; end of _ADC_Read
_GetPWM:
;12F683MPPT.mpas,78 :: 		begin
;12F683MPPT.mpas,79 :: 		Result:=CCPR1L shl 1;
0x0068	0x1283      	BCF        STATUS, 5
0x0069	0x0813      	MOVF       CCPR1L, 0
0x006A	0x00F0      	MOVWF      R0
0x006B	0x0DF0      	RLF        R0, 1
0x006C	0x1070      	BCF        R0, 0
0x006D	0x0870      	MOVF       R0, 0
0x006E	0x00F2      	MOVWF      R2
;12F683MPPT.mpas,80 :: 		Result.0:=DC1B1_bit;
0x006F	0x1A95      	BTFSC      DC1B1_bit, BitPos(DC1B1_bit+0)
0x0070	0x2873      	GOTO       L__GetPWM77
0x0071	0x1072      	BCF        R2, 0
0x0072	0x2874      	GOTO       L__GetPWM78
L__GetPWM77:
0x0073	0x1472      	BSF        R2, 0
L__GetPWM78:
;12F683MPPT.mpas,81 :: 		end;
0x0074	0x0872      	MOVF       R2, 0
0x0075	0x00F0      	MOVWF      R0
L_end_GetPWM:
0x0076	0x0008      	RETURN
; end of _GetPWM
_EEPROM_Write:
;__Lib_EEPROM.mpas,27 :: 		
;__Lib_EEPROM.mpas,28 :: 		
L__EEPROM_Write3:
0x0077	0x1683      	BSF        STATUS, 5
0x0078	0x1C9C      	BTFSS      EECON1, 1
0x0079	0x287C      	GOTO       L__EEPROM_Write4
0x007A	0x0000      	NOP
0x007B	0x2877      	GOTO       L__EEPROM_Write3
L__EEPROM_Write4:
;__Lib_EEPROM.mpas,30 :: 		
0x007C	0x1283      	BCF        STATUS, 5
0x007D	0x0846      	MOVF       FARG_EEPROM_Write_address, 0
0x007E	0x1683      	BSF        STATUS, 5
0x007F	0x009B      	MOVWF      EEADR
;__Lib_EEPROM.mpas,31 :: 		
0x0080	0x1283      	BCF        STATUS, 5
0x0081	0x0847      	MOVF       FARG_EEPROM_Write_data_, 0
0x0082	0x1683      	BSF        STATUS, 5
0x0083	0x009A      	MOVWF      EEDATA
;__Lib_EEPROM.mpas,32 :: 		
0x0084	0x139C      	BCF        EECON1, 7
;__Lib_EEPROM.mpas,33 :: 		
0x0085	0x151C      	BSF        EECON1, 2
;__Lib_EEPROM.mpas,35 :: 		
0x0086	0x080B      	MOVF       INTCON, 0
0x0087	0x00F0      	MOVWF      R0
;__Lib_EEPROM.mpas,38 :: 		
0x0088	0x138B      	BCF        INTCON, 7
;__Lib_EEPROM.mpas,39 :: 		
0x0089	0x3055      	MOVLW      85
0x008A	0x009D      	MOVWF      EECON2
;__Lib_EEPROM.mpas,40 :: 		
0x008B	0x30AA      	MOVLW      170
0x008C	0x009D      	MOVWF      EECON2
;__Lib_EEPROM.mpas,41 :: 		
0x008D	0x149C      	BSF        EECON1, 1
;__Lib_EEPROM.mpas,45 :: 		
0x008E	0x1BF0      	BTFSC      R0, 7
0x008F	0x2892      	GOTO       L__EEPROM_Write9
0x0090	0x138B      	BCF        INTCON, 7
0x0091	0x2893      	GOTO       L__EEPROM_Write10
L__EEPROM_Write9:
0x0092	0x178B      	BSF        INTCON, 7
L__EEPROM_Write10:
;__Lib_EEPROM.mpas,46 :: 		
0x0093	0x111C      	BCF        EECON1, 2
;__Lib_EEPROM.mpas,47 :: 		
L_end_EEPROM_Write:
0x0094	0x0008      	RETURN
; end of _EEPROM_Write
_EEPROM_Read:
;__Lib_EEPROM.mpas,13 :: 		
;__Lib_EEPROM.mpas,14 :: 		
0x0095	0x1283      	BCF        STATUS, 5
0x0096	0x0846      	MOVF       FARG_EEPROM_Read_address, 0
0x0097	0x1683      	BSF        STATUS, 5
0x0098	0x009B      	MOVWF      EEADR
;__Lib_EEPROM.mpas,15 :: 		
0x0099	0x139C      	BCF        EECON1, 7
;__Lib_EEPROM.mpas,21 :: 		
0x009A	0x141C      	BSF        EECON1, 0
;__Lib_EEPROM.mpas,22 :: 		
0x009B	0x081A      	MOVF       EEDATA, 0
0x009C	0x00F1      	MOVWF      R1
;__Lib_EEPROM.mpas,23 :: 		
0x009D	0x0871      	MOVF       R1, 0
0x009E	0x00F0      	MOVWF      R0
L_end_EEPROM_Read:
0x009F	0x0008      	RETURN
; end of _EEPROM_Read
_tick_diff:
;12F683MPPT.mpas,84 :: 		begin
;12F683MPPT.mpas,85 :: 		if a<b then
0x00A0	0x1283      	BCF        STATUS, 5
0x00A1	0x0849      	MOVF       FARG_tick_diff_b+1, 0
0x00A2	0x0247      	SUBWF      FARG_tick_diff_a+1, 0
0x00A3	0x1D03      	BTFSS      STATUS, 2
0x00A4	0x28A7      	GOTO       L__tick_diff80
0x00A5	0x0848      	MOVF       FARG_tick_diff_b, 0
0x00A6	0x0246      	SUBWF      FARG_tick_diff_a, 0
L__tick_diff80:
0x00A7	0x1803      	BTFSC      STATUS, 0
0x00A8	0x28C0      	GOTO       L__tick_diff9
;12F683MPPT.mpas,86 :: 		result:=a+(65535-b)+1
0x00A9	0x0848      	MOVF       FARG_tick_diff_b, 0
0x00AA	0x3CFF      	SUBLW      255
0x00AB	0x00F0      	MOVWF      R0
0x00AC	0x0849      	MOVF       FARG_tick_diff_b+1, 0
0x00AD	0x1C03      	BTFSS      STATUS, 0
0x00AE	0x3E01      	ADDLW      1
0x00AF	0x3CFF      	SUBLW      255
0x00B0	0x00F1      	MOVWF      R0+1
0x00B1	0x0846      	MOVF       FARG_tick_diff_a, 0
0x00B2	0x07F0      	ADDWF      R0, 1
0x00B3	0x0847      	MOVF       FARG_tick_diff_a+1, 0
0x00B4	0x1803      	BTFSC      STATUS, 0
0x00B5	0x3E01      	ADDLW      1
0x00B6	0x07F1      	ADDWF      R0+1, 1
0x00B7	0x0870      	MOVF       R0, 0
0x00B8	0x3E01      	ADDLW      1
0x00B9	0x00F2      	MOVWF      R2
0x00BA	0x3000      	MOVLW      0
0x00BB	0x1803      	BTFSC      STATUS, 0
0x00BC	0x3E01      	ADDLW      1
0x00BD	0x0771      	ADDWF      R0+1, 0
0x00BE	0x00F3      	MOVWF      R2+1
0x00BF	0x28C8      	GOTO       L__tick_diff10
;12F683MPPT.mpas,87 :: 		else
L__tick_diff9:
;12F683MPPT.mpas,88 :: 		result:=a-b;
0x00C0	0x0848      	MOVF       FARG_tick_diff_b, 0
0x00C1	0x0246      	SUBWF      FARG_tick_diff_a, 0
0x00C2	0x00F2      	MOVWF      R2
0x00C3	0x0849      	MOVF       FARG_tick_diff_b+1, 0
0x00C4	0x1C03      	BTFSS      STATUS, 0
0x00C5	0x3E01      	ADDLW      1
0x00C6	0x0247      	SUBWF      FARG_tick_diff_a+1, 0
0x00C7	0x00F3      	MOVWF      R2+1
L__tick_diff10:
;12F683MPPT.mpas,89 :: 		end;
0x00C8	0x0872      	MOVF       R2, 0
0x00C9	0x00F0      	MOVWF      R0
0x00CA	0x0873      	MOVF       R2+1, 0
0x00CB	0x00F1      	MOVWF      R0+1
L_end_tick_diff:
0x00CC	0x0008      	RETURN
; end of _tick_diff
_Mul_32x32_U:
;__Lib_Math.mpas,1775 :: 		
;__Lib_Math.mpas,1789 :: 		
0x00CD	0x1283      	BCF        STATUS, 5
;__Lib_Math.mpas,1790 :: 		
0x00CE	0x1303      	BCF        STATUS, 6
;__Lib_Math.mpas,1791 :: 		
0x00CF	0x3022      	MOVLW      34
;__Lib_Math.mpas,1792 :: 		
0x00D0	0x00FC      	MOVWF      R12
;__Lib_Math.mpas,1793 :: 		
0x00D1	0x01F8      	CLRF       R8
;__Lib_Math.mpas,1794 :: 		
0x00D2	0x01F9      	CLRF       R9
;__Lib_Math.mpas,1795 :: 		
0x00D3	0x01FA      	CLRF       R10
;__Lib_Math.mpas,1796 :: 		
0x00D4	0x01FB      	CLRF       R11
;__Lib_Math.mpas,1798 :: 		
_NEXT:
;__Lib_Math.mpas,1802 :: 		
0x00D5	0x03FC      	DECF       R12, 1
;__Lib_Math.mpas,1803 :: 		
0x00D6	0x1903      	BTFSC      STATUS, 2
;__Lib_Math.mpas,1804 :: 		
0x00D7	0x2903      	GOTO       _EXIT2
;__Lib_Math.mpas,1805 :: 		
0x00D8	0x1003      	BCF        STATUS, 0
;__Lib_Math.mpas,1807 :: 		
_LOOP:
;__Lib_Math.mpas,1816 :: 		
0x00D9	0x0CFB      	RRF        R11, 1
;__Lib_Math.mpas,1817 :: 		
0x00DA	0x0CFA      	RRF        R10, 1
;__Lib_Math.mpas,1818 :: 		
0x00DB	0x0CF9      	RRF        R9, 1
;__Lib_Math.mpas,1819 :: 		
0x00DC	0x0CF8      	RRF        R8, 1
;__Lib_Math.mpas,1820 :: 		
0x00DD	0x0CF3      	RRF        R3, 1
;__Lib_Math.mpas,1821 :: 		
0x00DE	0x0CF2      	RRF        R2, 1
;__Lib_Math.mpas,1822 :: 		
0x00DF	0x0CF1      	RRF        R1, 1
;__Lib_Math.mpas,1823 :: 		
0x00E0	0x0CF0      	RRF        R0, 1
;__Lib_Math.mpas,1828 :: 		
0x00E1	0x1C03      	BTFSS      STATUS, 0
;__Lib_Math.mpas,1829 :: 		
0x00E2	0x28D5      	GOTO       _NEXT
;__Lib_Math.mpas,1830 :: 		
0x00E3	0x03FC      	DECF       R12, 1
;__Lib_Math.mpas,1831 :: 		
0x00E4	0x1903      	BTFSC      STATUS, 2
;__Lib_Math.mpas,1832 :: 		
0x00E5	0x28F5      	GOTO       _EXIT1
;__Lib_Math.mpas,1839 :: 		
0x00E6	0x0874      	MOVF       R4, 0
;__Lib_Math.mpas,1840 :: 		
0x00E7	0x07F8      	ADDWF      R8, 1
;__Lib_Math.mpas,1841 :: 		
0x00E8	0x0875      	MOVF       R5, 0
;__Lib_Math.mpas,1842 :: 		
0x00E9	0x1803      	BTFSC      STATUS, 0
;__Lib_Math.mpas,1843 :: 		
0x00EA	0x0F75      	INCFSZ     R5, 0
;__Lib_Math.mpas,1844 :: 		
0x00EB	0x07F9      	ADDWF      R9, 1
;__Lib_Math.mpas,1845 :: 		
0x00EC	0x0876      	MOVF       R6, 0
;__Lib_Math.mpas,1846 :: 		
0x00ED	0x1803      	BTFSC      STATUS, 0
;__Lib_Math.mpas,1847 :: 		
0x00EE	0x0F76      	INCFSZ     R6, 0
;__Lib_Math.mpas,1848 :: 		
0x00EF	0x07FA      	ADDWF      R10, 1
;__Lib_Math.mpas,1849 :: 		
0x00F0	0x0877      	MOVF       R7, 0
;__Lib_Math.mpas,1850 :: 		
0x00F1	0x1803      	BTFSC      STATUS, 0
;__Lib_Math.mpas,1851 :: 		
0x00F2	0x0F77      	INCFSZ     R7, 0
;__Lib_Math.mpas,1852 :: 		
0x00F3	0x07FB      	ADDWF      R11, 1
;__Lib_Math.mpas,1854 :: 		
0x00F4	0x28D9      	GOTO       _LOOP
;__Lib_Math.mpas,1856 :: 		
_EXIT1:
;__Lib_Math.mpas,1861 :: 		
0x00F5	0x0874      	MOVF       R4, 0
;__Lib_Math.mpas,1862 :: 		
0x00F6	0x07F8      	ADDWF      R8, 1
;__Lib_Math.mpas,1863 :: 		
0x00F7	0x0875      	MOVF       R5, 0
;__Lib_Math.mpas,1864 :: 		
0x00F8	0x1803      	BTFSC      STATUS, 0
;__Lib_Math.mpas,1865 :: 		
0x00F9	0x0F75      	INCFSZ     R5, 0
;__Lib_Math.mpas,1866 :: 		
0x00FA	0x07F9      	ADDWF      R9, 1
;__Lib_Math.mpas,1867 :: 		
0x00FB	0x0876      	MOVF       R6, 0
;__Lib_Math.mpas,1868 :: 		
0x00FC	0x1803      	BTFSC      STATUS, 0
;__Lib_Math.mpas,1869 :: 		
0x00FD	0x0F76      	INCFSZ     R6, 0
;__Lib_Math.mpas,1870 :: 		
0x00FE	0x07FA      	ADDWF      R10, 1
;__Lib_Math.mpas,1871 :: 		
0x00FF	0x0877      	MOVF       R7, 0
;__Lib_Math.mpas,1872 :: 		
0x0100	0x1803      	BTFSC      STATUS, 0
;__Lib_Math.mpas,1873 :: 		
0x0101	0x0F77      	INCFSZ     R7, 0
;__Lib_Math.mpas,1874 :: 		
0x0102	0x07FB      	ADDWF      R11, 1
;__Lib_Math.mpas,1877 :: 		
_EXIT2:
;__Lib_Math.mpas,1879 :: 		
L_end_Mul_32x32_U:
0x0103	0x0008      	RETURN
; end of _Mul_32x32_U
_main:
;12F683MPPT.mpas,91 :: 		begin
;12F683MPPT.mpas,95 :: 		CMCON0:=7;          // disable comparator
0x0104	0x3007      	MOVLW      7
0x0105	0x1283      	BCF        STATUS, 5
0x0106	0x0099      	MOVWF      CMCON0
;12F683MPPT.mpas,96 :: 		ANSEL:=%00001001;   // AN0, AN3
0x0107	0x3009      	MOVLW      9
0x0108	0x1683      	BSF        STATUS, 5
0x0109	0x009F      	MOVWF      ANSEL
;12F683MPPT.mpas,99 :: 		TRISIO0_bit:=1;      // AN0
0x010A	0x1405      	BSF        TRISIO0_bit, BitPos(TRISIO0_bit+0)
;12F683MPPT.mpas,100 :: 		TRISIO4_bit:=1;      // AN3
0x010B	0x1605      	BSF        TRISIO4_bit, BitPos(TRISIO4_bit+0)
;12F683MPPT.mpas,101 :: 		TRISIO1_bit:=1;      // VREF
0x010C	0x1485      	BSF        TRISIO1_bit, BitPos(TRISIO1_bit+0)
;12F683MPPT.mpas,103 :: 		TRISIO5_bit:=0;      // LED
0x010D	0x1285      	BCF        TRISIO5_bit, BitPos(TRISIO5_bit+0)
;12F683MPPT.mpas,104 :: 		VCFG_bit:=1;         // VREF
0x010E	0x1283      	BCF        STATUS, 5
0x010F	0x171F      	BSF        VCFG_bit, BitPos(VCFG_bit+0)
;12F683MPPT.mpas,106 :: 		ADFM_bit:=1;
0x0110	0x179F      	BSF        ADFM_bit, BitPos(ADFM_bit+0)
;12F683MPPT.mpas,108 :: 		T2CON:=0;               // TMR2
0x0111	0x0192      	CLRF       T2CON
;12F683MPPT.mpas,109 :: 		TRISIO2_bit:=1;
0x0112	0x1683      	BSF        STATUS, 5
0x0113	0x1505      	BSF        TRISIO2_bit, BitPos(TRISIO2_bit+0)
;12F683MPPT.mpas,110 :: 		PR2:=(PWM_MAX shr 1)-1; // PR2 * 2 = {CCPR1L, DC1B1}, ignore DC1B0
0x0114	0x3063      	MOVLW      99
0x0115	0x0092      	MOVWF      PR2
;12F683MPPT.mpas,111 :: 		DC1B0_bit:=0;
0x0116	0x1283      	BCF        STATUS, 5
0x0117	0x1215      	BCF        DC1B0_bit, BitPos(DC1B0_bit+0)
;12F683MPPT.mpas,112 :: 		CCP1CON:=%00001111;     // PWM active low
0x0118	0x300F      	MOVLW      15
0x0119	0x0095      	MOVWF      CCP1CON
;12F683MPPT.mpas,113 :: 		SetPWM(0);
0x011A	0x01C6      	CLRF       FARG_SetPWM_val
0x011B	0x2022      	CALL       _SetPWM
;12F683MPPT.mpas,114 :: 		TMR2IF_bit:=0;
0x011C	0x108C      	BCF        TMR2IF_bit, BitPos(TMR2IF_bit+0)
;12F683MPPT.mpas,115 :: 		TMR2ON_bit:=1;
0x011D	0x1512      	BSF        TMR2ON_bit, BitPos(TMR2ON_bit+0)
;12F683MPPT.mpas,116 :: 		ClrWDT;
0x011E	0x0064      	CLRWDT
;12F683MPPT.mpas,117 :: 		while TMR2IF_bit=0 do ;
L__main13:
0x011F	0x1C8C      	BTFSS      TMR2IF_bit, BitPos(TMR2IF_bit+0)
0x0120	0x291F      	GOTO       L__main13
;12F683MPPT.mpas,118 :: 		TRISIO2_bit:=0;      // PWM
0x0121	0x1683      	BSF        STATUS, 5
0x0122	0x1105      	BCF        TRISIO2_bit, BitPos(TRISIO2_bit+0)
;12F683MPPT.mpas,120 :: 		LED1:=0;
0x0123	0x1283      	BCF        STATUS, 5
0x0124	0x1285      	BCF        GP5_bit, BitPos(GP5_bit+0)
;12F683MPPT.mpas,121 :: 		LED1_tm:=200;
0x0125	0x30C8      	MOVLW      200
0x0126	0x00C0      	MOVWF      _LED1_tm
0x0127	0x01C1      	CLRF       _LED1_tm+1
;12F683MPPT.mpas,122 :: 		TICK_1000:=0;
0x0128	0x01BE      	CLRF       _TICK_1000
0x0129	0x01BF      	CLRF       _TICK_1000+1
;12F683MPPT.mpas,124 :: 		LM358_diff:=cLM358_diff;
0x012A	0x01BD      	CLRF       _LM358_diff
;12F683MPPT.mpas,125 :: 		Delay_100ms;
0x012B	0x202F      	CALL       _Delay_100ms
;12F683MPPT.mpas,126 :: 		Delay_100ms;
0x012C	0x202F      	CALL       _Delay_100ms
;12F683MPPT.mpas,127 :: 		ClrWDT;
0x012D	0x0064      	CLRWDT
;12F683MPPT.mpas,129 :: 		if Write_OPAMP=0 then begin
0x012E	0x1985      	BTFSC      GP3_bit, BitPos(GP3_bit+0)
0x012F	0x294C      	GOTO       L__main18
;12F683MPPT.mpas,130 :: 		Delay_100ms;
0x0130	0x202F      	CALL       _Delay_100ms
;12F683MPPT.mpas,131 :: 		Delay_100ms;
0x0131	0x202F      	CALL       _Delay_100ms
;12F683MPPT.mpas,132 :: 		adc_cur:=ADC_Read(0);
0x0132	0x01C6      	CLRF       FARG_ADC_Read_channel
0x0133	0x203B      	CALL       _ADC_Read
0x0134	0x0870      	MOVF       R0, 0
0x0135	0x00C4      	MOVWF      _adc_cur
0x0136	0x0871      	MOVF       R0+1, 0
0x0137	0x00C5      	MOVWF      _adc_cur+1
;12F683MPPT.mpas,133 :: 		EEPROM_Write(0, Lo(adc_cur));
0x0138	0x01C6      	CLRF       FARG_EEPROM_Write_address
0x0139	0x0844      	MOVF       _adc_cur, 0
0x013A	0x00C7      	MOVWF      FARG_EEPROM_Write_data_
0x013B	0x2077      	CALL       _EEPROM_Write
;12F683MPPT.mpas,134 :: 		Delay_100ms;
0x013C	0x202F      	CALL       _Delay_100ms
;12F683MPPT.mpas,135 :: 		LED1:=1;
0x013D	0x1685      	BSF        GP5_bit, BitPos(GP5_bit+0)
;12F683MPPT.mpas,136 :: 		Delay_ms(700);
0x013E	0x3004      	MOVLW      4
0x013F	0x00FB      	MOVWF      R11
0x0140	0x308E      	MOVLW      142
0x0141	0x00FC      	MOVWF      R12
0x0142	0x3012      	MOVLW      18
0x0143	0x00FD      	MOVWF      R13
L__main20:
0x0144	0x0BFD      	DECFSZ     R13, 1
0x0145	0x2944      	GOTO       L__main20
0x0146	0x0BFC      	DECFSZ     R12, 1
0x0147	0x2944      	GOTO       L__main20
0x0148	0x0BFB      	DECFSZ     R11, 1
0x0149	0x2944      	GOTO       L__main20
0x014A	0x0000      	NOP
;12F683MPPT.mpas,137 :: 		LED1:=0;
0x014B	0x1285      	BCF        GP5_bit, BitPos(GP5_bit+0)
;12F683MPPT.mpas,138 :: 		end;
L__main18:
;12F683MPPT.mpas,139 :: 		ClrWDT;
0x014C	0x0064      	CLRWDT
;12F683MPPT.mpas,143 :: 		Delay_100ms;
0x014D	0x202F      	CALL       _Delay_100ms
;12F683MPPT.mpas,144 :: 		LM358_diff:=EEPROM_Read(0);
0x014E	0x01C6      	CLRF       FARG_EEPROM_Read_address
0x014F	0x2095      	CALL       _EEPROM_Read
0x0150	0x0870      	MOVF       R0, 0
0x0151	0x1283      	BCF        STATUS, 5
0x0152	0x00BD      	MOVWF      _LM358_diff
;12F683MPPT.mpas,146 :: 		if LM358_diff>$1f then
0x0153	0x0870      	MOVF       R0, 0
0x0154	0x3C1F      	SUBLW      31
0x0155	0x1803      	BTFSC      STATUS, 0
0x0156	0x2958      	GOTO       L__main22
;12F683MPPT.mpas,147 :: 		LM358_diff:=0;
0x0157	0x01BD      	CLRF       _LM358_diff
L__main22:
;12F683MPPT.mpas,149 :: 		T1CKPS1_bit:=0;
0x0158	0x1290      	BCF        T1CKPS1_bit, BitPos(T1CKPS1_bit+0)
;12F683MPPT.mpas,153 :: 		T1CKPS0_bit:=0;               // timer prescaler 1:1
0x0159	0x1210      	BCF        T1CKPS0_bit, BitPos(T1CKPS0_bit+0)
;12F683MPPT.mpas,155 :: 		TMR1CS_bit:=0;
0x015A	0x1090      	BCF        TMR1CS_bit, BitPos(TMR1CS_bit+0)
;12F683MPPT.mpas,156 :: 		TMR1L:=TMR1L_LOAD;
0x015B	0x3017      	MOVLW      23
0x015C	0x008E      	MOVWF      TMR1L
;12F683MPPT.mpas,157 :: 		TMR1H:=TMR1H_LOAD;
0x015D	0x30FC      	MOVLW      252
0x015E	0x008F      	MOVWF      TMR1H
;12F683MPPT.mpas,158 :: 		T1IF_bit:=0;
0x015F	0x100C      	BCF        T1IF_bit, BitPos(T1IF_bit+0)
;12F683MPPT.mpas,160 :: 		adc_vol:=0;
0x0160	0x01AD      	CLRF       _adc_vol
0x0161	0x01AE      	CLRF       _adc_vol+1
;12F683MPPT.mpas,161 :: 		adc_cur:=0;
0x0162	0x01C4      	CLRF       _adc_cur
0x0163	0x01C5      	CLRF       _adc_cur+1
;12F683MPPT.mpas,162 :: 		power_curr:=0;
0x0164	0x01B2      	CLRF       _power_curr
0x0165	0x01B3      	CLRF       _power_curr+1
0x0166	0x01B4      	CLRF       _power_curr+2
0x0167	0x01B5      	CLRF       _power_curr+3
;12F683MPPT.mpas,164 :: 		TMR1IE_bit:=1;
0x0168	0x1683      	BSF        STATUS, 5
0x0169	0x140C      	BSF        TMR1IE_bit, BitPos(TMR1IE_bit+0)
;12F683MPPT.mpas,165 :: 		PEIE_bit:=1;
0x016A	0x170B      	BSF        PEIE_bit, BitPos(PEIE_bit+0)
;12F683MPPT.mpas,167 :: 		GIE_bit:=1;                   // enable Interrupt
0x016B	0x178B      	BSF        GIE_bit, BitPos(GIE_bit+0)
;12F683MPPT.mpas,169 :: 		TMR1ON_bit:=1;
0x016C	0x1283      	BCF        STATUS, 5
0x016D	0x1410      	BSF        TMR1ON_bit, BitPos(TMR1ON_bit+0)
;12F683MPPT.mpas,171 :: 		SetPWM(PWM_START);
0x016E	0x303C      	MOVLW      60
0x016F	0x00C6      	MOVWF      FARG_SetPWM_val
0x0170	0x2022      	CALL       _SetPWM
;12F683MPPT.mpas,172 :: 		flag_inc:=True;
0x0171	0x30FF      	MOVLW      255
0x0172	0x00B1      	MOVWF      _flag_inc
;12F683MPPT.mpas,173 :: 		vol_prev1:=0;
0x0173	0x01AF      	CLRF       _vol_prev1
0x0174	0x01B0      	CLRF       _vol_prev1+1
;12F683MPPT.mpas,175 :: 		powertime:=0;
0x0175	0x01AB      	CLRF       _powertime
0x0176	0x01AC      	CLRF       _powertime+1
;12F683MPPT.mpas,176 :: 		prevtime:=0;
0x0177	0x01A4      	CLRF       _prevtime
0x0178	0x01A5      	CLRF       _prevtime+1
;12F683MPPT.mpas,177 :: 		voltime:=0;
0x0179	0x01A2      	CLRF       _voltime
0x017A	0x01A3      	CLRF       _voltime+1
;12F683MPPT.mpas,180 :: 		delay_ms(300);
0x017B	0x3002      	MOVLW      2
0x017C	0x00FB      	MOVWF      R11
0x017D	0x3086      	MOVLW      134
0x017E	0x00FC      	MOVWF      R12
0x017F	0x3099      	MOVLW      153
0x0180	0x00FD      	MOVWF      R13
L__main24:
0x0181	0x0BFD      	DECFSZ     R13, 1
0x0182	0x2981      	GOTO       L__main24
0x0183	0x0BFC      	DECFSZ     R12, 1
0x0184	0x2981      	GOTO       L__main24
0x0185	0x0BFB      	DECFSZ     R11, 1
0x0186	0x2981      	GOTO       L__main24
;12F683MPPT.mpas,181 :: 		LED1:=1;
0x0187	0x1685      	BSF        GP5_bit, BitPos(GP5_bit+0)
;12F683MPPT.mpas,182 :: 		delay_ms(300);
0x0188	0x3002      	MOVLW      2
0x0189	0x00FB      	MOVWF      R11
0x018A	0x3086      	MOVLW      134
0x018B	0x00FC      	MOVWF      R12
0x018C	0x3099      	MOVLW      153
0x018D	0x00FD      	MOVWF      R13
L__main25:
0x018E	0x0BFD      	DECFSZ     R13, 1
0x018F	0x298E      	GOTO       L__main25
0x0190	0x0BFC      	DECFSZ     R12, 1
0x0191	0x298E      	GOTO       L__main25
0x0192	0x0BFB      	DECFSZ     R11, 1
0x0193	0x298E      	GOTO       L__main25
;12F683MPPT.mpas,183 :: 		LED1:=0;
0x0194	0x1285      	BCF        GP5_bit, BitPos(GP5_bit+0)
;12F683MPPT.mpas,184 :: 		clrwdt;
0x0195	0x0064      	CLRWDT
;12F683MPPT.mpas,185 :: 		watchdog:=0;
0x0196	0x01A0      	CLRF       _watchdog
0x0197	0x01A1      	CLRF       _watchdog+1
;12F683MPPT.mpas,187 :: 		while True do begin
L__main27:
;12F683MPPT.mpas,189 :: 		wtmp := TICK_1000;
0x0198	0x083E      	MOVF       _TICK_1000, 0
0x0199	0x00A9      	MOVWF      _wtmp
0x019A	0x083F      	MOVF       _TICK_1000+1, 0
0x019B	0x00AA      	MOVWF      _wtmp+1
;12F683MPPT.mpas,190 :: 		if tick_diff(wtmp, prevtime) > LED1_tm then begin
0x019C	0x083E      	MOVF       _TICK_1000, 0
0x019D	0x00C6      	MOVWF      FARG_tick_diff_a
0x019E	0x083F      	MOVF       _TICK_1000+1, 0
0x019F	0x00C7      	MOVWF      FARG_tick_diff_a+1
0x01A0	0x0824      	MOVF       _prevtime, 0
0x01A1	0x00C8      	MOVWF      FARG_tick_diff_b
0x01A2	0x0825      	MOVF       _prevtime+1, 0
0x01A3	0x00C9      	MOVWF      FARG_tick_diff_b+1
0x01A4	0x20A0      	CALL       _tick_diff
0x01A5	0x0871      	MOVF       R0+1, 0
0x01A6	0x0241      	SUBWF      _LED1_tm+1, 0
0x01A7	0x1D03      	BTFSS      STATUS, 2
0x01A8	0x29AB      	GOTO       L__main82
0x01A9	0x0870      	MOVF       R0, 0
0x01AA	0x0240      	SUBWF      _LED1_tm, 0
L__main82:
0x01AB	0x1803      	BTFSC      STATUS, 0
0x01AC	0x29B3      	GOTO       L__main32
;12F683MPPT.mpas,191 :: 		prevtime := wtmp;
0x01AD	0x0829      	MOVF       _wtmp, 0
0x01AE	0x00A4      	MOVWF      _prevtime
0x01AF	0x082A      	MOVF       _wtmp+1, 0
0x01B0	0x00A5      	MOVWF      _prevtime+1
;12F683MPPT.mpas,192 :: 		LED1 := not LED1;
0x01B1	0x3020      	MOVLW      32
0x01B2	0x0685      	XORWF      GP5_bit, 1
;12F683MPPT.mpas,193 :: 		end;
L__main32:
;12F683MPPT.mpas,196 :: 		vol_prev2:=vol_prev1;
0x01B3	0x082F      	MOVF       _vol_prev1, 0
0x01B4	0x00A7      	MOVWF      _vol_prev2
0x01B5	0x0830      	MOVF       _vol_prev1+1, 0
0x01B6	0x00A8      	MOVWF      _vol_prev2+1
;12F683MPPT.mpas,197 :: 		vol_prev1:=adc_vol;
0x01B7	0x082D      	MOVF       _adc_vol, 0
0x01B8	0x00AF      	MOVWF      _vol_prev1
0x01B9	0x082E      	MOVF       _adc_vol+1, 0
0x01BA	0x00B0      	MOVWF      _vol_prev1+1
;12F683MPPT.mpas,199 :: 		while TMR2IF_bit=0 do ;
L__main35:
0x01BB	0x1C8C      	BTFSS      TMR2IF_bit, BitPos(TMR2IF_bit+0)
0x01BC	0x29BB      	GOTO       L__main35
;12F683MPPT.mpas,201 :: 		adc_cur:=ADC_Read(0);
0x01BD	0x01C6      	CLRF       FARG_ADC_Read_channel
0x01BE	0x203B      	CALL       _ADC_Read
0x01BF	0x0870      	MOVF       R0, 0
0x01C0	0x00C4      	MOVWF      _adc_cur
0x01C1	0x0871      	MOVF       R0+1, 0
0x01C2	0x00C5      	MOVWF      _adc_cur+1
;12F683MPPT.mpas,202 :: 		adc_vol:=ADC_Read(3);
0x01C3	0x3003      	MOVLW      3
0x01C4	0x00C6      	MOVWF      FARG_ADC_Read_channel
0x01C5	0x203B      	CALL       _ADC_Read
0x01C6	0x0870      	MOVF       R0, 0
0x01C7	0x00AD      	MOVWF      _adc_vol
0x01C8	0x0871      	MOVF       R0+1, 0
0x01C9	0x00AE      	MOVWF      _adc_vol+1
;12F683MPPT.mpas,203 :: 		for i:=1 to adc_max_loop-1 do begin
0x01CA	0x3001      	MOVLW      1
0x01CB	0x00A6      	MOVWF      _i
L__main40:
;12F683MPPT.mpas,204 :: 		xtmp:=ADC_Read(0);
0x01CC	0x01C6      	CLRF       FARG_ADC_Read_channel
0x01CD	0x203B      	CALL       _ADC_Read
0x01CE	0x0870      	MOVF       R0, 0
0x01CF	0x00B6      	MOVWF      _xtmp
0x01D0	0x0871      	MOVF       R0+1, 0
0x01D1	0x00B7      	MOVWF      _xtmp+1
;12F683MPPT.mpas,205 :: 		wtmp:=ADC_Read(3);
0x01D2	0x3003      	MOVLW      3
0x01D3	0x00C6      	MOVWF      FARG_ADC_Read_channel
0x01D4	0x203B      	CALL       _ADC_Read
0x01D5	0x0870      	MOVF       R0, 0
0x01D6	0x00A9      	MOVWF      _wtmp
0x01D7	0x0871      	MOVF       R0+1, 0
0x01D8	0x00AA      	MOVWF      _wtmp+1
;12F683MPPT.mpas,208 :: 		if xtmp < adc_cur then begin
0x01D9	0x0845      	MOVF       _adc_cur+1, 0
0x01DA	0x0237      	SUBWF      _xtmp+1, 0
0x01DB	0x1D03      	BTFSS      STATUS, 2
0x01DC	0x29DF      	GOTO       L__main83
0x01DD	0x0844      	MOVF       _adc_cur, 0
0x01DE	0x0236      	SUBWF      _xtmp, 0
L__main83:
0x01DF	0x1803      	BTFSC      STATUS, 0
0x01E0	0x29E9      	GOTO       L__main45
;12F683MPPT.mpas,209 :: 		adc_cur:=xtmp;
0x01E1	0x0836      	MOVF       _xtmp, 0
0x01E2	0x00C4      	MOVWF      _adc_cur
0x01E3	0x0837      	MOVF       _xtmp+1, 0
0x01E4	0x00C5      	MOVWF      _adc_cur+1
;12F683MPPT.mpas,210 :: 		adc_vol:=wtmp;
0x01E5	0x0829      	MOVF       _wtmp, 0
0x01E6	0x00AD      	MOVWF      _adc_vol
0x01E7	0x082A      	MOVF       _wtmp+1, 0
0x01E8	0x00AE      	MOVWF      _adc_vol+1
;12F683MPPT.mpas,211 :: 		end;
L__main45:
;12F683MPPT.mpas,212 :: 		end;
0x01E9	0x0826      	MOVF       _i, 0
0x01EA	0x3A03      	XORLW      3
0x01EB	0x1903      	BTFSC      STATUS, 2
0x01EC	0x29EF      	GOTO       L__main43
0x01ED	0x0AA6      	INCF       _i, 1
0x01EE	0x29CC      	GOTO       L__main40
L__main43:
;12F683MPPT.mpas,213 :: 		adc_vol:=adc_vol * VOLMUL;
0x01EF	0x0DAD      	RLF        _adc_vol, 1
0x01F0	0x0DAE      	RLF        _adc_vol+1, 1
0x01F1	0x102D      	BCF        _adc_vol, 0
0x01F2	0x0DAD      	RLF        _adc_vol, 1
0x01F3	0x0DAE      	RLF        _adc_vol+1, 1
0x01F4	0x102D      	BCF        _adc_vol, 0
;12F683MPPT.mpas,216 :: 		wtmp:=TICK_1000;
0x01F5	0x083E      	MOVF       _TICK_1000, 0
0x01F6	0x00A9      	MOVWF      _wtmp
0x01F7	0x083F      	MOVF       _TICK_1000+1, 0
0x01F8	0x00AA      	MOVWF      _wtmp+1
;12F683MPPT.mpas,217 :: 		if tick_diff(wtmp,watchdog) > 1000 then begin
0x01F9	0x083E      	MOVF       _TICK_1000, 0
0x01FA	0x00C6      	MOVWF      FARG_tick_diff_a
0x01FB	0x083F      	MOVF       _TICK_1000+1, 0
0x01FC	0x00C7      	MOVWF      FARG_tick_diff_a+1
0x01FD	0x0820      	MOVF       _watchdog, 0
0x01FE	0x00C8      	MOVWF      FARG_tick_diff_b
0x01FF	0x0821      	MOVF       _watchdog+1, 0
0x0200	0x00C9      	MOVWF      FARG_tick_diff_b+1
0x0201	0x20A0      	CALL       _tick_diff
0x0202	0x0871      	MOVF       R0+1, 0
0x0203	0x3C03      	SUBLW      3
0x0204	0x1D03      	BTFSS      STATUS, 2
0x0205	0x2A08      	GOTO       L__main84
0x0206	0x0870      	MOVF       R0, 0
0x0207	0x3CE8      	SUBLW      232
L__main84:
0x0208	0x1803      	BTFSC      STATUS, 0
0x0209	0x2A0F      	GOTO       L__main48
;12F683MPPT.mpas,218 :: 		watchdog:=wtmp;
0x020A	0x0829      	MOVF       _wtmp, 0
0x020B	0x00A0      	MOVWF      _watchdog
0x020C	0x082A      	MOVF       _wtmp+1, 0
0x020D	0x00A1      	MOVWF      _watchdog+1
;12F683MPPT.mpas,219 :: 		clrwdt;
0x020E	0x0064      	CLRWDT
;12F683MPPT.mpas,220 :: 		end;
L__main48:
;12F683MPPT.mpas,223 :: 		wtmp:=TICK_1000;
0x020F	0x083E      	MOVF       _TICK_1000, 0
0x0210	0x00A9      	MOVWF      _wtmp
0x0211	0x083F      	MOVF       _TICK_1000+1, 0
0x0212	0x00AA      	MOVWF      _wtmp+1
;12F683MPPT.mpas,224 :: 		if tick_diff(wtmp,powertime) < _UPDATE_INT then
0x0213	0x083E      	MOVF       _TICK_1000, 0
0x0214	0x00C6      	MOVWF      FARG_tick_diff_a
0x0215	0x083F      	MOVF       _TICK_1000+1, 0
0x0216	0x00C7      	MOVWF      FARG_tick_diff_a+1
0x0217	0x082B      	MOVF       _powertime, 0
0x0218	0x00C8      	MOVWF      FARG_tick_diff_b
0x0219	0x082C      	MOVF       _powertime+1, 0
0x021A	0x00C9      	MOVWF      FARG_tick_diff_b+1
0x021B	0x20A0      	CALL       _tick_diff
0x021C	0x3000      	MOVLW      0
0x021D	0x0271      	SUBWF      R0+1, 0
0x021E	0x1D03      	BTFSS      STATUS, 2
0x021F	0x2A22      	GOTO       L__main85
0x0220	0x3019      	MOVLW      25
0x0221	0x0270      	SUBWF      R0, 0
L__main85:
0x0222	0x1803      	BTFSC      STATUS, 0
0x0223	0x2A25      	GOTO       L__main51
;12F683MPPT.mpas,225 :: 		continue;
0x0224	0x2998      	GOTO       L__main27
L__main51:
;12F683MPPT.mpas,226 :: 		powertime:=wtmp;
0x0225	0x0829      	MOVF       _wtmp, 0
0x0226	0x00AB      	MOVWF      _powertime
0x0227	0x082A      	MOVF       _wtmp+1, 0
0x0228	0x00AC      	MOVWF      _powertime+1
;12F683MPPT.mpas,228 :: 		power_prev:= power_curr;
0x0229	0x0832      	MOVF       _power_curr, 0
0x022A	0x00B9      	MOVWF      _power_prev
0x022B	0x0833      	MOVF       _power_curr+1, 0
0x022C	0x00BA      	MOVWF      _power_prev+1
0x022D	0x0834      	MOVF       _power_curr+2, 0
0x022E	0x00BB      	MOVWF      _power_prev+2
0x022F	0x0835      	MOVF       _power_curr+3, 0
0x0230	0x00BC      	MOVWF      _power_prev+3
;12F683MPPT.mpas,229 :: 		power_curr:= dword(adc_vol * adc_cur);
0x0231	0x082D      	MOVF       _adc_vol, 0
0x0232	0x00F0      	MOVWF      R0
0x0233	0x082E      	MOVF       _adc_vol+1, 0
0x0234	0x00F1      	MOVWF      R0+1
0x0235	0x01F2      	CLRF       R0+2
0x0236	0x01F3      	CLRF       R0+3
0x0237	0x0844      	MOVF       _adc_cur, 0
0x0238	0x00F4      	MOVWF      R4
0x0239	0x0845      	MOVF       _adc_cur+1, 0
0x023A	0x00F5      	MOVWF      R4+1
0x023B	0x01F6      	CLRF       R4+2
0x023C	0x01F7      	CLRF       R4+3
0x023D	0x20CD      	CALL       _Mul_32x32_U
0x023E	0x0870      	MOVF       R0, 0
0x023F	0x00B2      	MOVWF      _power_curr
0x0240	0x0871      	MOVF       R0+1, 0
0x0241	0x00B3      	MOVWF      _power_curr+1
0x0242	0x0872      	MOVF       R0+2, 0
0x0243	0x00B4      	MOVWF      _power_curr+2
0x0244	0x0873      	MOVF       R0+3, 0
0x0245	0x00B5      	MOVWF      _power_curr+3
;12F683MPPT.mpas,232 :: 		if adc_cur>LM358_diff then begin
0x0246	0x0845      	MOVF       _adc_cur+1, 0
0x0247	0x3C00      	SUBLW      0
0x0248	0x1D03      	BTFSS      STATUS, 2
0x0249	0x2A4C      	GOTO       L__main86
0x024A	0x0844      	MOVF       _adc_cur, 0
0x024B	0x023D      	SUBWF      _LM358_diff, 0
L__main86:
0x024C	0x1803      	BTFSC      STATUS, 0
0x024D	0x2A7E      	GOTO       L__main54
;12F683MPPT.mpas,234 :: 		if power_curr = power_prev then begin
0x024E	0x0835      	MOVF       _power_curr+3, 0
0x024F	0x063C      	XORWF      _power_prev+3, 0
0x0250	0x1D03      	BTFSS      STATUS, 2
0x0251	0x2A5C      	GOTO       L__main87
0x0252	0x0834      	MOVF       _power_curr+2, 0
0x0253	0x063B      	XORWF      _power_prev+2, 0
0x0254	0x1D03      	BTFSS      STATUS, 2
0x0255	0x2A5C      	GOTO       L__main87
0x0256	0x0833      	MOVF       _power_curr+1, 0
0x0257	0x063A      	XORWF      _power_prev+1, 0
0x0258	0x1D03      	BTFSS      STATUS, 2
0x0259	0x2A5C      	GOTO       L__main87
0x025A	0x0832      	MOVF       _power_curr, 0
0x025B	0x0639      	XORWF      _power_prev, 0
L__main87:
0x025C	0x1D03      	BTFSS      STATUS, 2
0x025D	0x2A63      	GOTO       L__main57
;12F683MPPT.mpas,235 :: 		LED1_tm:=500;
0x025E	0x30F4      	MOVLW      244
0x025F	0x00C0      	MOVWF      _LED1_tm
0x0260	0x3001      	MOVLW      1
0x0261	0x00C1      	MOVWF      _LED1_tm+1
;12F683MPPT.mpas,236 :: 		continue;
0x0262	0x2998      	GOTO       L__main27
;12F683MPPT.mpas,237 :: 		end else if power_curr < power_prev then begin
L__main57:
0x0263	0x083C      	MOVF       _power_prev+3, 0
0x0264	0x0235      	SUBWF      _power_curr+3, 0
0x0265	0x1D03      	BTFSS      STATUS, 2
0x0266	0x2A71      	GOTO       L__main88
0x0267	0x083B      	MOVF       _power_prev+2, 0
0x0268	0x0234      	SUBWF      _power_curr+2, 0
0x0269	0x1D03      	BTFSS      STATUS, 2
0x026A	0x2A71      	GOTO       L__main88
0x026B	0x083A      	MOVF       _power_prev+1, 0
0x026C	0x0233      	SUBWF      _power_curr+1, 0
0x026D	0x1D03      	BTFSS      STATUS, 2
0x026E	0x2A71      	GOTO       L__main88
0x026F	0x0839      	MOVF       _power_prev, 0
0x0270	0x0232      	SUBWF      _power_curr, 0
L__main88:
0x0271	0x1803      	BTFSC      STATUS, 0
0x0272	0x2A79      	GOTO       L__main60
;12F683MPPT.mpas,238 :: 		LED1_tm:=300;
0x0273	0x302C      	MOVLW      44
0x0274	0x00C0      	MOVWF      _LED1_tm
0x0275	0x3001      	MOVLW      1
0x0276	0x00C1      	MOVWF      _LED1_tm+1
;12F683MPPT.mpas,239 :: 		flag_inc:=not flag_inc;
0x0277	0x09B1      	COMF       _flag_inc, 1
;12F683MPPT.mpas,240 :: 		end else begin
0x0278	0x2A7D      	GOTO       L__main61
L__main60:
;12F683MPPT.mpas,241 :: 		LED1_tm:=300;
0x0279	0x302C      	MOVLW      44
0x027A	0x00C0      	MOVWF      _LED1_tm
0x027B	0x3001      	MOVLW      1
0x027C	0x00C1      	MOVWF      _LED1_tm+1
;12F683MPPT.mpas,242 :: 		end;
L__main61:
;12F683MPPT.mpas,244 :: 		end else begin
0x027D	0x2A8D      	GOTO       L__main55
L__main54:
;12F683MPPT.mpas,245 :: 		LED1_tm:=200;
0x027E	0x30C8      	MOVLW      200
0x027F	0x00C0      	MOVWF      _LED1_tm
0x0280	0x01C1      	CLRF       _LED1_tm+1
;12F683MPPT.mpas,246 :: 		SetPWM(PWM_START);
0x0281	0x303C      	MOVLW      60
0x0282	0x00C6      	MOVWF      FARG_SetPWM_val
0x0283	0x2022      	CALL       _SetPWM
;12F683MPPT.mpas,247 :: 		flag_inc:=True;
0x0284	0x30FF      	MOVLW      255
0x0285	0x00B1      	MOVWF      _flag_inc
;12F683MPPT.mpas,248 :: 		power_curr:=0;
0x0286	0x01B2      	CLRF       _power_curr
0x0287	0x01B3      	CLRF       _power_curr+1
0x0288	0x01B4      	CLRF       _power_curr+2
0x0289	0x01B5      	CLRF       _power_curr+3
;12F683MPPT.mpas,249 :: 		adc_cur:=0;
0x028A	0x01C4      	CLRF       _adc_cur
0x028B	0x01C5      	CLRF       _adc_cur+1
;12F683MPPT.mpas,250 :: 		continue;
0x028C	0x2998      	GOTO       L__main27
;12F683MPPT.mpas,251 :: 		end;
L__main55:
;12F683MPPT.mpas,254 :: 		cPWM:=GetPWM();
0x028D	0x2068      	CALL       _GetPWM
0x028E	0x0870      	MOVF       R0, 0
0x028F	0x00B8      	MOVWF      _cPWM
;12F683MPPT.mpas,255 :: 		if flag_inc then begin
0x0290	0x0831      	MOVF       _flag_inc, 0
0x0291	0x1903      	BTFSC      STATUS, 2
0x0292	0x2AA1      	GOTO       L__main63
;12F683MPPT.mpas,256 :: 		if cPWM<PWM_MAX then begin
0x0293	0x30C8      	MOVLW      200
0x0294	0x0238      	SUBWF      _cPWM, 0
0x0295	0x1803      	BTFSC      STATUS, 0
0x0296	0x2A9C      	GOTO       L__main66
;12F683MPPT.mpas,257 :: 		Inc(cPWM);
0x0297	0x0AB8      	INCF       _cPWM, 1
;12F683MPPT.mpas,258 :: 		SetPWM(cPWM);
0x0298	0x0838      	MOVF       _cPWM, 0
0x0299	0x00C6      	MOVWF      FARG_SetPWM_val
0x029A	0x2022      	CALL       _SetPWM
;12F683MPPT.mpas,259 :: 		end else begin
0x029B	0x2AA0      	GOTO       L__main67
L__main66:
;12F683MPPT.mpas,260 :: 		SetPWM(PWM_MAX);
0x029C	0x30C8      	MOVLW      200
0x029D	0x00C6      	MOVWF      FARG_SetPWM_val
0x029E	0x2022      	CALL       _SetPWM
;12F683MPPT.mpas,261 :: 		flag_inc:=false;
0x029F	0x01B1      	CLRF       _flag_inc
;12F683MPPT.mpas,262 :: 		end;
L__main67:
;12F683MPPT.mpas,263 :: 		end else begin
0x02A0	0x2AAF      	GOTO       L__main64
L__main63:
;12F683MPPT.mpas,264 :: 		if cPWM>PWM_MIN then begin
0x02A1	0x0838      	MOVF       _cPWM, 0
0x02A2	0x3C0A      	SUBLW      10
0x02A3	0x1803      	BTFSC      STATUS, 0
0x02A4	0x2AAA      	GOTO       L__main69
;12F683MPPT.mpas,265 :: 		Dec(cPWM);
0x02A5	0x03B8      	DECF       _cPWM, 1
;12F683MPPT.mpas,266 :: 		SetPWM(cPWM);
0x02A6	0x0838      	MOVF       _cPWM, 0
0x02A7	0x00C6      	MOVWF      FARG_SetPWM_val
0x02A8	0x2022      	CALL       _SetPWM
;12F683MPPT.mpas,267 :: 		end else begin
0x02A9	0x2AAF      	GOTO       L__main70
L__main69:
;12F683MPPT.mpas,268 :: 		SetPWM(PWM_MIN);
0x02AA	0x300A      	MOVLW      10
0x02AB	0x00C6      	MOVWF      FARG_SetPWM_val
0x02AC	0x2022      	CALL       _SetPWM
;12F683MPPT.mpas,269 :: 		flag_inc:=true;
0x02AD	0x30FF      	MOVLW      255
0x02AE	0x00B1      	MOVWF      _flag_inc
;12F683MPPT.mpas,270 :: 		end;
L__main70:
;12F683MPPT.mpas,271 :: 		end;
L__main64:
;12F683MPPT.mpas,274 :: 		end;
0x02AF	0x2998      	GOTO       L__main27
;12F683MPPT.mpas,275 :: 		end.
L_end_main:
0x02B0	0x2AB0      	GOTO       $+0
; end of _main
Symbol List:
//** Routines locations **
//ADDRESS    SIZE    PROCEDURE
//----------------------------------------------
0x0004      [24]    _Interrupt
0x001C       [6]    _Delay_22us
0x0022      [13]    _SetPWM
0x002F      [12]    _Delay_100ms
0x003B      [45]    _ADC_Read
0x0068      [15]    _GetPWM
0x0077      [30]    _EEPROM_Write
0x0095      [11]    _EEPROM_Read
0x00A0      [45]    _tick_diff
0x00CD      [55]    _Mul_32x32_U
0x0104     [429]    _main
//** Variables locations ** 
//ADDRESS    SIZE    VARIABLE
//----------------------------------------------
0x0003       [1]    STATUS
0x0005       [0]    Write_OPAMP
0x0005       [0]    GP5_bit
0x0005       [0]    LED1
0x0005       [0]    GP3_bit
0x000B       [0]    PEIE_bit
0x000B       [1]    INTCON
0x000B       [0]    GIE_bit
0x000C       [0]    T1IF_bit
0x000C       [0]    TMR2IF_bit
0x000E       [1]    TMR1L
0x000F       [1]    TMR1H
0x0010       [0]    T1CKPS1_bit
0x0010       [0]    T1CKPS0_bit
0x0010       [0]    TMR1CS_bit
0x0010       [0]    TMR1ON_bit
0x0012       [1]    T2CON
0x0012       [0]    TMR2ON_bit
0x0013       [1]    CCPR1L
0x0015       [0]    DC1B0_bit
0x0015       [0]    DC1B1_bit
0x0015       [1]    CCP1CON
0x0019       [1]    CMCON0
0x001E       [1]    ADRESH
0x001F       [1]    ADCON0
0x001F       [0]    VCFG_bit
0x001F       [0]    ADFM_bit
0x0020       [2]    _watchdog
0x0022       [2]    _voltime
0x0024       [2]    _prevtime
0x0026       [1]    _i
0x0027       [2]    _vol_prev2
0x0029       [2]    _wtmp
0x002B       [2]    _powertime
0x002D       [2]    _adc_vol
0x002F       [2]    _vol_prev1
0x0031       [1]    _flag_inc
0x0032       [4]    _power_curr
0x0036       [2]    _xtmp
0x0038       [1]    _cPWM
0x0039       [4]    _power_prev
0x003D       [1]    _LM358_diff
0x003E       [2]    _TICK_1000
0x0040       [2]    _LED1_tm
0x0042       [1]    ___saveSTATUS
0x0043       [1]    ___savePCLATH
0x0044       [2]    _adc_cur
0x0046       [1]    FARG_EEPROM_Write_address
0x0046       [1]    FARG_EEPROM_Read_address
0x0046       [2]    FARG_tick_diff_a
0x0046       [1]    FARG_ADC_Read_channel
0x0046       [1]    FARG_SetPWM_val
0x0047       [1]    FARG_EEPROM_Write_data_
0x0047       [2]    ADC_Read_local_result
0x0048       [2]    FARG_tick_diff_b
0x0070       [1]    R0
0x0071       [1]    R1
0x0072       [1]    R2
0x0073       [1]    R3
0x0074       [1]    R4
0x0075       [1]    R5
0x0076       [1]    R6
0x0077       [1]    R7
0x0078       [1]    R8
0x0079       [1]    R9
0x007A       [1]    R10
0x007B       [1]    R11
0x007C       [1]    R12
0x007D       [1]    R13
0x007E       [1]    R14
0x007F       [1]    R15
0x0085       [0]    TRISIO2_bit
0x0085       [0]    TRISIO1_bit
0x0085       [0]    TRISIO0_bit
0x0085       [0]    TRISIO5_bit
0x0085       [0]    TRISIO4_bit
0x008C       [0]    TMR1IE_bit
0x0092       [1]    PR2
0x009A       [1]    EEDATA
0x009B       [1]    EEADR
0x009C       [1]    EECON1
0x009D       [1]    EECON2
0x009E       [1]    ADRESL
0x009F       [1]    ANSEL
